[0m12:04:20.387318 [debug] [MainThread]: Sending event: {'category': 'dbt', 'action': 'invocation', 'label': 'start', 'context': [<snowplow_tracker.self_describing_json.SelfDescribingJson object at 0x7d4a5f82a660>, <snowplow_tracker.self_describing_json.SelfDescribingJson object at 0x7d4a5f2dbe30>, <snowplow_tracker.self_describing_json.SelfDescribingJson object at 0x7d4a5f9a6570>]}


============================== 12:04:20.413848 | 6fb62521-9fa6-4063-9f4d-2ffa27bb3a4d ==============================
[0m12:04:20.413848 [info ] [MainThread]: Running with dbt=1.10.4
[0m12:04:20.414205 [debug] [MainThread]: running dbt with arguments {'printer_width': '80', 'indirect_selection': 'eager', 'log_cache_events': 'False', 'write_json': 'True', 'partial_parse': 'True', 'cache_selected_only': 'False', 'warn_error': 'None', 'debug': 'False', 'profiles_dir': '/home/phildonovan/.dbt', 'log_path': 'logs', 'version_check': 'True', 'fail_fast': 'False', 'use_colors': 'True', 'use_experimental_parser': 'False', 'no_print': 'None', 'quiet': 'False', 'empty': 'None', 'warn_error_options': 'WarnErrorOptionsV2(error=[], warn=[], silence=[])', 'introspect': 'True', 'static_parser': 'True', 'log_format': 'default', 'target_path': 'None', 'invocation_command': 'dbt init', 'send_anonymous_usage_stats': 'True'}
[0m12:04:20.443054 [info ] [MainThread]: Creating dbt configuration folder at /home/phildonovan/.dbt
[0m12:04:54.094488 [debug] [MainThread]: Starter project path: /home/phildonovan/projects/firn-data-project/.venv/lib/python3.12/site-packages/dbt/include/starter_project
[0m12:04:54.096322 [info ] [MainThread]: 
Your new dbt project "electric_vehicles" was created!

For more information on how to configure the profiles.yml file,
please consult the dbt documentation here:

  https://docs.getdbt.com/docs/configure-your-profile

One more thing:

Need help? Don't hesitate to reach out to us via GitHub issues or on Slack:

  https://community.getdbt.com/

Happy modeling!

[0m12:04:54.096652 [info ] [MainThread]: Setting up your profile.
[0m12:06:39.765155 [info ] [MainThread]: Profile electric_vehicles written to /home/phildonovan/.dbt/profiles.yml using target's profile_template.yml and your supplied values. Run 'dbt debug' to validate the connection.
[0m12:06:39.766553 [debug] [MainThread]: Resource report: {"command_name": "init", "command_success": true, "command_wall_clock_time": 139.41547, "process_in_blocks": "0", "process_kernel_time": 0.151888, "process_mem_max_rss": "120976", "process_out_blocks": "1384", "process_user_time": 1.037236}
[0m12:06:39.767140 [debug] [MainThread]: Command `dbt init` succeeded at 12:06:39.767011 after 139.42 seconds
[0m12:06:39.767640 [debug] [MainThread]: Sending event: {'category': 'dbt', 'action': 'invocation', 'label': 'end', 'context': [<snowplow_tracker.self_describing_json.SelfDescribingJson object at 0x7d4a5f617440>, <snowplow_tracker.self_describing_json.SelfDescribingJson object at 0x7d4a600a9bb0>, <snowplow_tracker.self_describing_json.SelfDescribingJson object at 0x7d4a5fbe5550>]}
[0m12:06:39.768262 [debug] [MainThread]: Flushing usage events
[0m12:06:41.149753 [debug] [MainThread]: An error was encountered while trying to flush usage events
[0m12:06:47.884767 [debug] [MainThread]: Sending event: {'category': 'dbt', 'action': 'invocation', 'label': 'start', 'context': [<snowplow_tracker.self_describing_json.SelfDescribingJson object at 0x7adf7da0f110>, <snowplow_tracker.self_describing_json.SelfDescribingJson object at 0x7adf7d249f10>, <snowplow_tracker.self_describing_json.SelfDescribingJson object at 0x7adf7d34abd0>]}


============================== 12:06:47.887084 | 39ae3a6c-3667-4230-af89-39561b77689d ==============================
[0m12:06:47.887084 [info ] [MainThread]: Running with dbt=1.10.4
[0m12:06:47.887439 [debug] [MainThread]: running dbt with arguments {'printer_width': '80', 'indirect_selection': 'eager', 'log_cache_events': 'False', 'write_json': 'True', 'partial_parse': 'True', 'cache_selected_only': 'False', 'profiles_dir': '/home/phildonovan/.dbt', 'version_check': 'True', 'warn_error': 'None', 'log_path': 'logs', 'debug': 'False', 'fail_fast': 'False', 'use_colors': 'True', 'use_experimental_parser': 'False', 'no_print': 'None', 'quiet': 'False', 'empty': 'None', 'log_format': 'default', 'invocation_command': 'dbt debug', 'warn_error_options': 'WarnErrorOptionsV2(error=[], warn=[], silence=[])', 'static_parser': 'True', 'target_path': 'None', 'introspect': 'True', 'send_anonymous_usage_stats': 'True'}
[0m12:06:47.896345 [info ] [MainThread]: dbt version: 1.10.4
[0m12:06:47.896656 [info ] [MainThread]: python version: 3.12.3
[0m12:06:47.896881 [info ] [MainThread]: python path: /home/phildonovan/projects/firn-data-project/.venv/bin/python3
[0m12:06:47.897087 [info ] [MainThread]: os info: Linux-6.8.0-63-generic-x86_64-with-glibc2.39
[0m12:06:48.053818 [info ] [MainThread]: Using profiles dir at /home/phildonovan/.dbt
[0m12:06:48.054147 [info ] [MainThread]: Using profiles.yml file at /home/phildonovan/.dbt/profiles.yml
[0m12:06:48.054363 [info ] [MainThread]: Using dbt_project.yml file at /home/phildonovan/projects/firn-data-project/dbt/dbt_project.yml
[0m12:06:48.054681 [info ] [MainThread]: adapter type: snowflake
[0m12:06:48.054905 [info ] [MainThread]: adapter version: 1.10.0
[0m12:06:48.055125 [info ] [MainThread]: Configuration:
[0m12:06:48.055331 [info ] [MainThread]:   profiles.yml file [[32mOK found and valid[0m]
[0m12:06:48.055544 [info ] [MainThread]:   dbt_project.yml file [[31mERROR not found[0m]
[0m12:06:48.055748 [info ] [MainThread]: Required dependencies:
[0m12:06:48.055975 [debug] [MainThread]: Executing "git --help"
[0m12:06:48.058077 [debug] [MainThread]: STDOUT: "b"usage: git [-v | --version] [-h | --help] [-C <path>] [-c <name>=<value>]\n           [--exec-path[=<path>]] [--html-path] [--man-path] [--info-path]\n           [-p | --paginate | -P | --no-pager] [--no-replace-objects] [--bare]\n           [--git-dir=<path>] [--work-tree=<path>] [--namespace=<name>]\n           [--config-env=<name>=<envvar>] <command> [<args>]\n\nThese are common Git commands used in various situations:\n\nstart a working area (see also: git help tutorial)\n   clone     Clone a repository into a new directory\n   init      Create an empty Git repository or reinitialize an existing one\n\nwork on the current change (see also: git help everyday)\n   add       Add file contents to the index\n   mv        Move or rename a file, a directory, or a symlink\n   restore   Restore working tree files\n   rm        Remove files from the working tree and from the index\n\nexamine the history and state (see also: git help revisions)\n   bisect    Use binary search to find the commit that introduced a bug\n   diff      Show changes between commits, commit and working tree, etc\n   grep      Print lines matching a pattern\n   log       Show commit logs\n   show      Show various types of objects\n   status    Show the working tree status\n\ngrow, mark and tweak your common history\n   branch    List, create, or delete branches\n   commit    Record changes to the repository\n   merge     Join two or more development histories together\n   rebase    Reapply commits on top of another base tip\n   reset     Reset current HEAD to the specified state\n   switch    Switch branches\n   tag       Create, list, delete or verify a tag object signed with GPG\n\ncollaborate (see also: git help workflows)\n   fetch     Download objects and refs from another repository\n   pull      Fetch from and integrate with another repository or a local branch\n   push      Update remote refs along with associated objects\n\n'git help -a' and 'git help -g' list available subcommands and some\nconcept guides. See 'git help <command>' or 'git help <concept>'\nto read about a specific subcommand or concept.\nSee 'git help git' for an overview of the system.\n""
[0m12:06:48.058396 [debug] [MainThread]: STDERR: "b''"
[0m12:06:48.058679 [info ] [MainThread]:  - git [[32mOK found[0m]

[0m12:06:48.058973 [info ] [MainThread]: Connection:
[0m12:06:48.059244 [info ] [MainThread]:   account: WRCIPDZ-ELECTRIC-VEHICLES.snowflakecomputing.com
[0m12:06:48.059456 [info ] [MainThread]:   user: phil
[0m12:06:48.059649 [info ] [MainThread]:   database: EV_INFRA_ANALYSIS
[0m12:06:48.059836 [info ] [MainThread]:   warehouse: EV_WH
[0m12:06:48.060021 [info ] [MainThread]:   role: sysadmin
[0m12:06:48.060206 [info ] [MainThread]:   schema: staging
[0m12:06:48.060398 [info ] [MainThread]:   authenticator: None
[0m12:06:48.060583 [info ] [MainThread]:   oauth_client_id: None
[0m12:06:48.060766 [info ] [MainThread]:   query_tag: None
[0m12:06:48.060960 [info ] [MainThread]:   client_session_keep_alive: False
[0m12:06:48.061154 [info ] [MainThread]:   host: None
[0m12:06:48.061346 [info ] [MainThread]:   port: None
[0m12:06:48.061548 [info ] [MainThread]:   proxy_host: None
[0m12:06:48.061739 [info ] [MainThread]:   proxy_port: None
[0m12:06:48.061938 [info ] [MainThread]:   protocol: None
[0m12:06:48.062156 [info ] [MainThread]:   connect_retries: 1
[0m12:06:48.062350 [info ] [MainThread]:   connect_timeout: None
[0m12:06:48.062552 [info ] [MainThread]:   retry_on_database_errors: False
[0m12:06:48.062748 [info ] [MainThread]:   retry_all: False
[0m12:06:48.062941 [info ] [MainThread]:   insecure_mode: False
[0m12:06:48.063132 [info ] [MainThread]:   reuse_connections: True
[0m12:06:48.063323 [info ] [MainThread]:   s3_stage_vpce_dns_name: None
[0m12:06:48.063652 [info ] [MainThread]: Registered adapter: snowflake=1.10.0
[0m12:06:48.129081 [debug] [MainThread]: Acquiring new snowflake connection 'debug'
[0m12:06:48.154098 [debug] [MainThread]: Using snowflake connection "debug"
[0m12:06:48.154410 [debug] [MainThread]: On debug: select 1 as id
[0m12:06:48.154614 [debug] [MainThread]: Opening a new connection, currently in state init
[0m12:06:52.174713 [debug] [MainThread]: Snowflake adapter: Error running SQL: select 1 as id
[0m12:06:52.175259 [debug] [MainThread]: Snowflake adapter: Rolling back transaction.
[0m12:06:52.175753 [info ] [MainThread]:   Connection test: [[31mERROR[0m]

[0m12:06:52.176295 [info ] [MainThread]: [31m2 checks failed:[0m
[0m12:06:52.176776 [info ] [MainThread]: Project loading failed for the following reason:
 project path </home/phildonovan/projects/firn-data-project/dbt/dbt_project.yml> not found

[0m12:06:52.177237 [info ] [MainThread]: dbt was unable to connect to the specified database.
The database returned the following error:

  >Database Error
  250001: Could not connect to Snowflake backend after 2 attempt(s).Aborting
  Verify that the hostnames and port numbers in SYSTEM$ALLOWLIST are added to your firewall's allowed list.
  To further troubleshoot your connection you may reference the following article: https://docs.snowflake.com/en/user-guide/client-connectivity-troubleshooting/overview.

Check your database credentials and try again. For more information, visit:
https://docs.getdbt.com/docs/configure-your-profile


[0m12:06:52.178447 [debug] [MainThread]: Resource report: {"command_name": "debug", "command_success": false, "command_wall_clock_time": 4.331199, "process_in_blocks": "1624", "process_kernel_time": 0.168115, "process_mem_max_rss": "136500", "process_out_blocks": "3176", "process_user_time": 1.286881}
[0m12:06:52.179234 [debug] [MainThread]: Command `dbt debug` failed at 12:06:52.179085 after 4.33 seconds
[0m12:06:52.179702 [debug] [MainThread]: Connection 'debug' was left open.
[0m12:06:52.180129 [debug] [MainThread]: On debug: No close available on handle
[0m12:06:52.180613 [debug] [MainThread]: Sending event: {'category': 'dbt', 'action': 'invocation', 'label': 'end', 'context': [<snowplow_tracker.self_describing_json.SelfDescribingJson object at 0x7adf7d2842c0>, <snowplow_tracker.self_describing_json.SelfDescribingJson object at 0x7adf7b43cdd0>, <snowplow_tracker.self_describing_json.SelfDescribingJson object at 0x7adf7cad0350>]}
[0m12:06:52.181147 [debug] [MainThread]: Flushing usage events
[0m12:06:55.155090 [debug] [MainThread]: An error was encountered while trying to flush usage events
